-------------------------------------------------------------------------------
Test set: ca.jrvs.apps.twitter.controller.TwitterControllerIntTest
-------------------------------------------------------------------------------
Tests run: 2, Failures: 0, Errors: 2, Skipped: 0, Time elapsed: 0.035 s <<< FAILURE! - in ca.jrvs.apps.twitter.controller.TwitterControllerIntTest
showTweet(ca.jrvs.apps.twitter.controller.TwitterControllerIntTest)  Time elapsed: 0 s  <<< ERROR!
java.lang.RuntimeException: Failed to execute httpPost
	at ca.jrvs.apps.twitter.controller.TwitterControllerIntTest.postTweet(TwitterControllerIntTest.java:42)
Caused by: oauth.signpost.exception.OAuthExpectationFailedException: consumer key not set
	at ca.jrvs.apps.twitter.controller.TwitterControllerIntTest.postTweet(TwitterControllerIntTest.java:42)

deleteTweets(ca.jrvs.apps.twitter.controller.TwitterControllerIntTest)  Time elapsed: 0 s  <<< ERROR!
java.lang.RuntimeException: Failed to execute httpPost
	at ca.jrvs.apps.twitter.controller.TwitterControllerIntTest.postTweet(TwitterControllerIntTest.java:42)
Caused by: oauth.signpost.exception.OAuthExpectationFailedException: consumer key not set
	at ca.jrvs.apps.twitter.controller.TwitterControllerIntTest.postTweet(TwitterControllerIntTest.java:42)

