<?xml version="1.0" encoding="UTF-8"?>
<testsuite xmlns:xsi="http://www.w3.org/2001/XMLSchema-instance" xsi:noNamespaceSchemaLocation="https://maven.apache.org/surefire/maven-surefire-plugin/xsd/surefire-test-report.xsd" name="ca.jrvs.apps.twitter.controller.TwitterControllerUnitTest" time="0.056" tests="3" errors="0" skipped="0" failures="0">
  <properties>
[...]
</properties>
  <testcase name="showTweet" classname="ca.jrvs.apps.twitter.controller.TwitterControllerUnitTest" time="0"/>
  <testcase name="deleteTweets" classname="ca.jrvs.apps.twitter.controller.TwitterControllerUnitTest" time="0"/>
  <testcase name="postTweet" classname="ca.jrvs.apps.twitter.controller.TwitterControllerUnitTest" time="0"/>
</testsuite>